hname/C:sname/C:id0/I:id1/I:id2/I:first/D:stampSec/D:mi.fMemUsed/D:mi.fSwapUsed/D:cI.fUser/D:cI.fSys/D:pI.fMemResident/D:pI.fMemVirtual/D:pI.fCpuUser/D:pI.fCpuSys/D:stampOldSec/D:miOld.fMemUsed/D:miOld.fSwapUsed/D:cIOld.fUser/D:cIOld.fSys/D:pIOld.fMemResident/D:pIOld.fMemVirtual/D:pIOld.fCpuUser/D:pIOld.fCpuSys/D:fileBytesRead/D:fileBytesWritten/D:fileCounter/D:fileReadCalls/D
marvin	Start	-1	-1	-1	1320153077.79719	1320153077.79719	7600	44	28.5714282989502	0	150.84765625	580.71484375	0.46000000834465	0.129999995231628	1320153077.80825	0	0	0	0	0	0	0	0	1226	1226	2	1	
marvin	CreateRawReader	-1	-1	-1	1320153077.79719	1320153078.29921	7245	44	16.6666660308838	0	154.58203125	583.83203125	0.740000009536743	0.140000000596046	1320153077.79719	7600	44	28.5714282989502	0	150.84765625	580.71484375	0.46000000834465	0.129999995231628	257302	1226	3	6	
marvin	InitCDB	-1	-1	-1	1320153077.79719	1320153078.32638	7245	44	14.2857141494751	0	154.5859375	583.83203125	0.740000009536743	0.140000000596046	1320153078.29921	7245	44	16.6666660308838	0	154.58203125	583.83203125	0.740000009536743	0.140000000596046	257302	1226	3	6	
marvin	LoadGeom	-1	-1	-1	1320153077.79719	1320153080.92837	7336	44	0	0	233.89453125	670.265625	1.4099999666214	0.219999998807907	1320153078.32638	7245	44	14.2857141494751	0	154.5859375	583.83203125	0.740000009536743	0.140000000596046	2805884	1226	4	40	
marvin	CheckGeom	-1	-1	-1	1320153077.79719	1320153080.95253	7336	44	0	0	233.91796875	670.265625	1.4099999666214	0.219999998807907	1320153080.92837	7336	44	0	0	233.89453125	670.265625	1.4099999666214	0.219999998807907	2805884	1226	4	40	
marvin	MisalignGeom	-1	-1	-1	1320153077.79719	1320153089.02397	7479	44	0	0	277.7265625	802.11328125	1.69000005722046	0.25	1320153080.95253	7336	44	0	0	233.91796875	670.265625	1.4099999666214	0.219999998807907	3018730	1226	18	110	
marvin	InitGRP	-1	-1	-1	1320153077.79719	1320153091.76312	7499	44	0	0	294.9765625	818.84765625	1.88999998569489	0.259999990463257	1320153089.02397	7479	44	0	0	277.7265625	802.11328125	1.69000005722046	0.25	6193110	1226	24	139	
marvin	LoadCDB	-1	-1	-1	1320153077.79719	1320153096.60505	7502	44	12.5	25	295.31640625	818.84765625	1.97000002861023	0.270000010728836	1320153091.76312	7499	44	0	0	294.9765625	818.84765625	1.88999998569489	0.259999990463257	6395808	1226	33	184	
marvin	LoadTriggerScalersCDB	-1	-1	-1	1320153077.79719	1320153097.39216	7502	44	4.16666650772095	0	295.359375	818.84765625	1.99000000953674	0.270000010728836	1320153096.60505	7502	44	12.5	25	295.31640625	818.84765625	1.97000002861023	0.270000010728836	6503792	1226	34	189	
marvin	LoadCTPTimeParamsCDB	-1	-1	-1	1320153077.79719	1320153098.4081	7503	44	0	0	295.39453125	826.8515625	2	0.270000010728836	1320153097.39216	7502	44	4.16666650772095	0	295.359375	818.84765625	1.99000000953674	0.270000010728836	6509699	1226	36	199	
marvin	ReadIntensityInfoCDB	-1	-1	-1	1320153077.79719	1320153099.06403	7503	44	0	0	295.4609375	826.8515625	2.07999992370605	0.280000001192093	1320153098.4081	7503	44	0	0	295.39453125	826.8515625	2	0.270000010728836	6536198	1226	37	204	
marvin	InitRecoParams	-1	-1	-1	1320153077.79719	1320153099.59587	7504	44	0	0	295.48828125	826.8515625	2.08999991416931	0.280000001192093	1320153099.06403	7503	44	0	0	295.4609375	826.8515625	2.07999992370605	0.280000001192093	6540166	1226	38	209	
marvin	LoadLoader	-1	-1	-1	1320153077.79719	1320153099.73245	7504	44	20	0	295.6640625	826.8515625	2.08999991416931	0.280000001192093	1320153099.59587	7504	44	0	0	295.48828125	826.8515625	2.08999991416931	0.280000001192093	6540166	1768	40	209	
marvin	CreateTrackers	-1	-1	-1	1320153077.79719	1320153099.76603	7504	44	0	0	295.6640625	826.8515625	2.08999991416931	0.280000001192093	1320153099.73245	7504	44	20	0	295.6640625	826.8515625	2.08999991416931	0.280000001192093	6540166	1768	40	209	
marvin	InitQA	-1	-1	-1	1320153077.79719	1320153101.18044	7506	44	12.5	0	299.01953125	831.6484375	2.3199999332428	0.300000011920929	1320153099.76603	7504	44	0	0	295.6640625	826.8515625	2.08999991416931	0.280000001192093	6565043	1951	42	214	
marvin	LRecPHOS_0	4	1	0	1320153077.79719	1320153103.11506	7514	44	0	20	303.80859375	836.1015625	2.41000008583069	0.300000011920929	1320153101.18044	7506	44	12.5	0	299.01953125	831.6484375	2.3199999332428	0.300000011920929	6645902	23249	46	265	
marvin	LRecPHOS_1	4	1	1	1320153077.79719	1320153108.60799	7623	44	0	0	409.35546875	986.21484375	3.10999989509583	0.370000004768372	1320153103.11506	7514	44	0	20	303.80859375	836.1015625	2.41000008583069	0.300000011920929	7985742	46920	55	341	
marvin	LRecPHOS_2	4	1	2	1320153077.79719	1320153109.89664	7624	44	0	0	409.3828125	986.21484375	3.14000010490417	0.370000004768372	1320153108.60799	7623	44	0	0	409.35546875	986.21484375	3.10999989509583	0.370000004768372	8128185	71438	59	388	
marvin	LRecPHOS_3	4	1	3	1320153077.79719	1320153111.77104	7625	44	20	0	409.51953125	986.21484375	3.73000001907349	0.370000004768372	1320153109.89664	7624	44	0	0	409.3828125	986.21484375	3.14000010490417	0.370000004768372	8237938	142482	63	436	
marvin	LRecPHOS_4	4	1	4	1320153077.79719	1320153112.81615	7626	44	14.2857141494751	0	409.52734375	986.21484375	3.75999999046326	0.370000004768372	1320153111.77104	7625	44	20	0	409.51953125	986.21484375	3.73000001907349	0.370000004768372	8298216	167615	67	483	
marvin	LRecPHOS_5	4	1	5	1320153077.79719	1320153114.52034	7628	44	0	0	409.5390625	986.21484375	3.78999996185303	0.370000004768372	1320153112.81615	7626	44	14.2857141494751	0	409.52734375	986.21484375	3.75999999046326	0.370000004768372	8342450	192143	71	529	
marvin	LRecPHOS_6	4	1	6	1320153077.79719	1320153115.82373	7629	44	50	0	409.546875	986.21484375	3.79999995231628	0.370000004768372	1320153114.52034	7628	44	0	0	409.5390625	986.21484375	3.78999996185303	0.370000004768372	8429597	218153	75	578	
marvin	LRecPHOS_7	4	1	7	1320153077.79719	1320153117.36238	7629	44	0	0	409.5546875	986.21484375	3.80999994277954	0.370000004768372	1320153115.82373	7629	44	50	0	409.546875	986.21484375	3.79999995231628	0.370000004768372	8469683	239512	79	623	
marvin	LRecPHOS_8	4	1	8	1320153077.79719	1320153118.55638	7630	44	0	0	409.55859375	986.21484375	3.82999992370605	0.370000004768372	1320153117.36238	7629	44	0	0	409.5546875	986.21484375	3.80999994277954	0.370000004768372	8510940	261552	83	669	
marvin	LRecPHOS_9	4	1	9	1320153077.79719	1320153120.09493	7631	44	0	0	409.5703125	986.21484375	3.88000011444092	0.370000004768372	1320153118.55638	7630	44	0	0	409.55859375	986.21484375	3.82999992370605	0.370000004768372	8573665	286989	87	717	
marvin	LRecPHOS_10	4	1	10	1320153077.79719	1320153121.24338	7631	44	25	25	409.5859375	986.21484375	3.90000009536743	0.370000004768372	1320153120.09493	7631	44	0	0	409.5703125	986.21484375	3.88000011444092	0.370000004768372	8618485	312387	91	763	
marvin	LRecPHOS_11	4	1	11	1320153077.79719	1320153122.86081	7632	44	0	0	409.59765625	986.21484375	3.9300000667572	0.370000004768372	1320153121.24338	7631	44	25	25	409.5859375	986.21484375	3.90000009536743	0.370000004768372	8775696	337747	95	816	
marvin	LRecPHOS_12	4	1	12	1320153077.79719	1320153124.31762	7634	44	20	0	409.6015625	986.21484375	3.96000003814697	0.370000004768372	1320153122.86081	7632	44	0	0	409.59765625	986.21484375	3.9300000667572	0.370000004768372	8821906	364535	99	862	
marvin	LRecPHOS_13	4	1	13	1320153077.79719	1320153125.57561	7635	44	0	0	409.609375	986.21484375	3.99000000953674	0.370000004768372	1320153124.31762	7634	44	20	0	409.6015625	986.21484375	3.96000003814697	0.370000004768372	8881887	389962	103	909	
marvin	LRecPHOS_14	4	1	14	1320153077.79719	1320153127.39876	7636	44	0	0	409.62109375	986.21484375	4	0.379999995231628	1320153125.57561	7635	44	0	0	409.609375	986.21484375	3.99000000953674	0.370000004768372	8974363	415951	107	958	
marvin	LRecPHOS_15	4	1	15	1320153077.79719	1320153128.67392	7636	44	0	0	409.62890625	986.21484375	4.01999998092651	0.389999985694885	1320153127.39876	7636	44	0	0	409.62109375	986.21484375	4	0.379999995231628	9035686	442002	111	1005	
marvin	LRecPHOS_16	4	1	16	1320153077.79719	1320153130.095	7638	44	16.6666660308838	0	409.63671875	986.21484375	4.03000020980835	0.400000005960464	1320153128.67392	7636	44	0	0	409.62890625	986.21484375	4.01999998092651	0.389999985694885	9082346	468796	115	1051	
marvin	LRecPHOS_17	4	1	17	1320153077.79719	1320153131.58991	7640	44	0	0	409.640625	986.21484375	4.03999996185303	0.400000005960464	1320153130.095	7638	44	16.6666660308838	0	409.63671875	986.21484375	4.03000020980835	0.400000005960464	9148593	491748	119	1098	
marvin	LRecPHOS_18	4	1	18	1320153077.79719	1320153132.93657	7641	44	0	0	409.65625	986.21484375	4.07000017166138	0.400000005960464	1320153131.58991	7640	44	0	0	409.640625	986.21484375	4.03999996185303	0.400000005960464	9278952	518552	123	1146	
marvin	LRecPHOS_19	4	1	19	1320153077.79719	1320153134.59297	7643	44	0	0	409.671875	986.21484375	4.09000015258789	0.400000005960464	1320153132.93657	7641	44	0	0	409.65625	986.21484375	4.07000017166138	0.400000005960464	9321555	541800	127	1191	
marvin	LRecPHOS_20	4	1	20	1320153077.79719	1320153135.79557	7644	44	14.2857141494751	0	409.671875	986.21484375	4.09999990463257	0.400000005960464	1320153134.59297	7643	44	0	0	409.671875	986.21484375	4.09000015258789	0.400000005960464	9365317	565745	131	1237	
marvin	LRecPHOS_21	4	1	21	1320153077.79719	1320153136.85662	7644	44	0	0	409.68359375	986.21484375	4.1100001335144	0.409999996423721	1320153135.79557	7644	44	14.2857141494751	0	409.671875	986.21484375	4.09999990463257	0.400000005960464	9409320	589304	135	1283	
marvin	LRecPHOS_22	4	1	22	1320153077.79719	1320153138.63059	7646	44	0	0	409.7109375	986.21484375	4.6100001335144	0.409999996423721	1320153136.85662	7644	44	0	0	409.68359375	986.21484375	4.1100001335144	0.409999996423721	9486884	655553	139	1330	
marvin	LRecPHOS_23	4	1	23	1320153077.79719	1320153139.86708	7647	44	0	0	409.71484375	986.21484375	4.6399998664856	0.409999996423721	1320153138.63059	7646	44	0	0	409.7109375	986.21484375	4.6100001335144	0.409999996423721	9573698	682941	143	1379	
marvin	LRecPHOS_24	4	1	24	1320153077.79719	1320153141.49569	7648	44	0	0	409.7265625	986.21484375	4.65999984741211	0.409999996423721	1320153139.86708	7647	44	0	0	409.71484375	986.21484375	4.6399998664856	0.409999996423721	9725955	712029	147	1432	
marvin	LRecPHOS_25	4	1	25	1320153077.79719	1320153142.98661	7648	44	0	0	409.73828125	986.21484375	4.69000005722046	0.409999996423721	1320153141.49569	7648	44	0	0	409.7265625	986.21484375	4.65999984741211	0.409999996423721	9790115	739946	151	1479	
marvin	LRecPHOS_26	4	1	26	1320153077.79719	1320153144.80817	7650	44	0	0	409.76171875	986.21484375	4.69999980926514	0.419999986886978	1320153142.98661	7648	44	0	0	409.73828125	986.21484375	4.69000005722046	0.409999996423721	9864818	764860	155	1526	
marvin	LRecPHOS_27	4	1	27	1320153077.79719	1320153146.07472	7650	44	0	0	409.78125	986.21484375	4.71999979019165	0.419999986886978	1320153144.80817	7650	44	0	0	409.76171875	986.21484375	4.69999980926514	0.419999986886978	9914642	795411	159	1573	
marvin	LRecPHOS_28	4	1	28	1320153077.79719	1320153147.77834	7651	44	0	0	409.78125	986.21484375	4.76000022888184	0.419999986886978	1320153146.07472	7650	44	0	0	409.78125	986.21484375	4.71999979019165	0.419999986886978	9975786	824807	163	1620	
marvin	LRecPHOS_29	4	1	29	1320153077.79719	1320153149.14573	7652	44	0	0	409.80078125	986.21484375	4.78000020980835	0.419999986886978	1320153147.77834	7651	44	0	0	409.78125	986.21484375	4.76000022888184	0.419999986886978	10033857	856424	167	1667	
marvin	LRecPHOS_30	4	1	30	1320153077.79719	1320153150.58365	7653	44	16.6666660308838	16.6666660308838	409.80859375	986.21484375	4.80999994277954	0.430000007152557	1320153149.14573	7652	44	0	0	409.80078125	986.21484375	4.78000020980835	0.419999986886978	10131387	885328	171	1716	
marvin	LRecPHOS_31	4	1	31	1320153077.79719	1320153151.9661	7654	44	18.1818180084229	0	409.81640625	986.21484375	4.84999990463257	0.430000007152557	1320153150.58365	7653	44	16.6666660308838	16.6666660308838	409.80859375	986.21484375	4.80999994277954	0.430000007152557	10197387	914801	175	1763	
marvin	LRecPHOS_32	4	1	32	1320153077.79719	1320153153.11374	7654	44	0	0	409.83203125	986.21484375	4.8600001335144	0.439999997615814	1320153151.9661	7654	44	18.1818180084229	0	409.81640625	986.21484375	4.84999990463257	0.430000007152557	10267734	944402	179	1810	
marvin	LRecPHOS_33	4	1	33	1320153077.79719	1320153154.764	7656	44	12.5	12.5	409.84375	986.21484375	4.92999982833862	0.449999988079071	1320153153.11374	7654	44	0	0	409.83203125	986.21484375	4.8600001335144	0.439999997615814	10350557	976374	183	1858	
marvin	LRecPHOS_34	4	1	34	1320153077.79719	1320153156.23195	7657	44	25	12.5	409.85546875	986.21484375	4.94999980926514	0.449999988079071	1320153154.764	7656	44	12.5	12.5	409.84375	986.21484375	4.92999982833862	0.449999988079071	10457719	1002608	187	1907	
marvin	LRecPHOS_35	4	1	35	1320153077.79719	1320153157.6231	7657	44	0	0	409.859375	986.21484375	4.96999979019165	0.449999988079071	1320153156.23195	7657	44	25	12.5	409.85546875	986.21484375	4.94999980926514	0.449999988079071	10520020	1032401	191	1955	
marvin	LRecPHOS_36	4	1	36	1320153077.79719	1320153159.41598	7659	44	0	0	409.859375	986.21484375	5	0.449999988079071	1320153157.6231	7657	44	0	0	409.859375	986.21484375	4.96999979019165	0.449999988079071	10586023	1062316	195	2002	
marvin	LRecPHOS_37	4	1	37	1320153077.79719	1320153160.78564	7659	44	5.88235282897949	0	409.87890625	986.21484375	5.03999996185303	0.449999988079071	1320153159.41598	7659	44	0	0	409.859375	986.21484375	5	0.449999988079071	10667719	1092190	199	2050	
marvin	LRecPHOS_38	4	1	38	1320153077.79719	1320153162.48338	7660	44	0	0	409.88671875	986.21484375	5.05999994277954	0.46000000834465	1320153160.78564	7659	44	5.88235282897949	0	409.87890625	986.21484375	5.03999996185303	0.449999988079071	10734497	1122471	203	2097	
marvin	LRecPHOS_39	4	1	39	1320153077.79719	1320153164.09852	7662	44	0	0	409.89453125	986.21484375	5.09000015258789	0.46000000834465	1320153162.48338	7660	44	0	0	409.88671875	986.21484375	5.05999994277954	0.46000000834465	10786106	1152388	207	2143	
marvin	LRecPHOS_40	4	1	40	1320153077.79719	1320153165.54344	7665	44	16.6666660308838	0	409.8984375	986.21484375	5.11999988555908	0.46000000834465	1320153164.09852	7662	44	0	0	409.89453125	986.21484375	5.09000015258789	0.46000000834465	10879184	1183336	211	2192	
marvin	LRecPHOS_41	4	1	41	1320153077.79719	1320153168.36651	7666	44	0	0	409.9375	986.21484375	6.07999992370605	0.46000000834465	1320153165.54344	7665	44	16.6666660308838	0	409.8984375	986.21484375	5.11999988555908	0.46000000834465	11055611	1260529	215	2239	
marvin	LRecPHOS_42	4	1	42	1320153077.79719	1320153170.27737	7667	44	16.6666660308838	0	409.9453125	986.21484375	6.34000015258789	0.46000000834465	1320153168.36651	7666	44	0	0	409.9375	986.21484375	6.07999992370605	0.46000000834465	11163070	1310309	219	2286	
marvin	LRecPHOS_43	4	1	43	1320153077.79719	1320153171.34551	7668	44	0	0	409.94921875	986.21484375	6.3600001335144	0.46000000834465	1320153170.27737	7667	44	16.6666660308838	0	409.9453125	986.21484375	6.34000015258789	0.46000000834465	11241524	1337482	223	2333	
marvin	LRecPHOS_44	4	1	44	1320153077.79719	1320153172.77234	7669	44	11.5384616851807	0	409.953125	986.21484375	6.42999982833862	0.469999998807907	1320153171.34551	7668	44	0	0	409.94921875	986.21484375	6.3600001335144	0.46000000834465	11311772	1372612	227	2381	
marvin	LRecPHOS_45	4	1	45	1320153077.79719	1320153174.37685	7672	44	20	0	409.9609375	986.21484375	6.53999996185303	0.469999998807907	1320153172.77234	7669	44	11.5384616851807	0	409.953125	986.21484375	6.42999982833862	0.469999998807907	11698025	1407581	231	2448	
marvin	LRecPHOS_46	4	1	46	1320153077.79719	1320153175.76083	7652	44	0	0	409.97265625	986.21484375	6.69000005722046	0.469999998807907	1320153174.37685	7672	44	20	0	409.9609375	986.21484375	6.53999996185303	0.469999998807907	11787966	1450961	235	2495	
marvin	LRecPHOS_47	4	1	47	1320153077.79719	1320153176.90542	7652	44	0	0	409.9765625	986.21484375	6.71000003814697	0.469999998807907	1320153175.76083	7652	44	0	0	409.97265625	986.21484375	6.69000005722046	0.469999998807907	11883251	1482526	239	2544	
marvin	LRecPHOS_48	4	1	48	1320153077.79719	1320153178.00652	7653	44	0	0	409.98046875	986.21484375	6.73000001907349	0.469999998807907	1320153176.90542	7652	44	0	0	409.9765625	986.21484375	6.71000003814697	0.469999998807907	12008612	1514558	243	2591	
marvin	LRecPHOS_49	4	1	49	1320153077.79719	1320153179.78543	7654	44	0	0	409.98828125	986.21484375	7.15999984741211	0.469999998807907	1320153178.00652	7653	44	0	0	409.98046875	986.21484375	6.73000001907349	0.469999998807907	12084790	1576628	247	2637	
marvin	LRecPHOS_50	4	1	50	1320153077.79719	1320153181.2918	7655	44	42.8571434020996	0	410	986.21484375	7.19000005722046	0.469999998807907	1320153179.78543	7654	44	0	0	409.98828125	986.21484375	7.15999984741211	0.469999998807907	12179303	1609402	251	2686	
marvin	LRecPHOS_51	4	1	51	1320153077.79719	1320153182.43587	7656	44	0	0	410.015625	986.21484375	7.23000001907349	0.469999998807907	1320153181.2918	7655	44	42.8571434020996	0	410	986.21484375	7.19000005722046	0.469999998807907	12242942	1641528	255	2733	
marvin	LRecPHOS_52	4	1	52	1320153077.79719	1320153183.42998	7656	44	0	0	410.015625	986.21484375	7.25	0.469999998807907	1320153182.43587	7656	44	0	0	410.015625	986.21484375	7.23000001907349	0.469999998807907	12324099	1674188	259	2780	
marvin	LRecPHOS_53	4	1	53	1320153077.79719	1320153185.00985	7657	44	0	0	410.03515625	986.21484375	7.34999990463257	0.469999998807907	1320153183.42998	7656	44	0	0	410.015625	986.21484375	7.25	0.469999998807907	12414408	1713150	263	2828	
marvin	LRecPHOS_54	4	1	54	1320153077.79719	1320153186.32181	7659	44	28.5714282989502	0	410.05078125	986.21484375	7.38000011444092	0.469999998807907	1320153185.00985	7657	44	0	0	410.03515625	986.21484375	7.34999990463257	0.469999998807907	12544950	1748401	267	2879	
marvin	LRecPHOS_55	4	1	55	1320153077.79719	1320153187.17193	7660	44	10	0	410.05859375	986.21484375	7.40999984741211	0.469999998807907	1320153186.32181	7659	44	28.5714282989502	0	410.05078125	986.21484375	7.38000011444092	0.469999998807907	12599966	1780957	271	2925	
marvin	LRecPHOS_56	4	1	56	1320153077.79719	1320153188.53702	7303	44	0	0	410.06640625	986.21484375	7.42000007629395	0.490000009536743	1320153187.17193	7660	44	10	0	410.05859375	986.21484375	7.40999984741211	0.469999998807907	12710565	1814412	275	2975	
marvin	LRecPHOS_57	4	1	57	1320153077.79719	1320153189.36809	7303	44	16.6666660308838	0	410.08203125	986.21484375	7.42999982833862	0.490000009536743	1320153188.53702	7303	44	0	0	410.06640625	986.21484375	7.42000007629395	0.490000009536743	12777560	1843775	279	3021	
marvin	LRecPHOS_58	4	1	58	1320153077.79719	1320153190.2996	7304	44	16.6666660308838	0	410.08984375	986.21484375	7.44000005722046	0.5	1320153189.36809	7303	44	16.6666660308838	0	410.08203125	986.21484375	7.42999982833862	0.490000009536743	12829546	1876946	283	3067	
marvin	LRecPHOS_59	4	1	59	1320153077.79719	1320153191.64483	7305	44	50	0	410.10546875	986.21484375	7.46999979019165	0.5	1320153190.2996	7304	44	16.6666660308838	0	410.08984375	986.21484375	7.44000005722046	0.5	12902790	1910121	287	3115	
marvin	LRecPHOS_60	4	1	60	1320153077.79719	1320153192.52976	7306	44	6.25	0	410.11328125	986.21484375	7.51000022888184	0.5	1320153191.64483	7305	44	50	0	410.10546875	986.21484375	7.46999979019165	0.5	12959360	1944618	291	3161	
marvin	LRecPHOS_61	4	1	61	1320153077.79719	1320153193.96994	7308	44	18.1818180084229	0	410.12109375	986.21484375	7.53999996185303	0.5	1320153192.52976	7306	44	6.25	0	410.11328125	986.21484375	7.51000022888184	0.5	13058196	1980826	295	3210	
marvin	LRecPHOS_62	4	1	62	1320153077.79719	1320153194.84539	7308	44	0	0	410.125	986.21484375	7.57000017166138	0.5	1320153193.96994	7308	44	18.1818180084229	0	410.12109375	986.21484375	7.53999996185303	0.5	13123275	2015362	299	3257	
marvin	LRecPHOS_63	4	1	63	1320153077.79719	1320153195.91141	7309	44	0	0	410.125	986.21484375	7.61999988555908	0.5	1320153194.84539	7308	44	0	0	410.125	986.21484375	7.57000017166138	0.5	13196271	2049828	303	3304	
marvin	LRecPHOS_64	4	1	64	1320153077.79719	1320153196.95388	7309	44	40	0	410.13671875	986.21484375	7.6399998664856	0.509999990463257	1320153195.91141	7309	44	0	0	410.125	986.21484375	7.61999988555908	0.5	13283646	2084312	307	3352	
marvin	LRecPHOS_65	4	1	65	1320153077.79719	1320153198.18134	7310	44	0	0	410.140625	986.21484375	7.67999982833862	0.509999990463257	1320153196.95388	7309	44	40	0	410.13671875	986.21484375	7.6399998664856	0.509999990463257	13453172	2118562	311	3405	
marvin	LRecPHOS_66	4	1	66	1320153077.79719	1320153199.24138	7310	44	33.3333320617676	0	410.1484375	986.21484375	7.69999980926514	0.519999980926514	1320153198.18134	7310	44	0	0	410.140625	986.21484375	7.67999982833862	0.509999990463257	13510395	2153381	315	3451	
marvin	LRecPHOS_67	4	1	67	1320153077.79719	1320153200.46037	7311	44	25	0	410.16796875	986.21484375	7.71999979019165	0.519999980926514	1320153199.24138	7310	44	33.3333320617676	0	410.1484375	986.21484375	7.69999980926514	0.519999980926514	13587266	2184295	319	3498	
marvin	LRecPHOS_68	4	1	68	1320153077.79719	1320153201.68995	7311	44	0	0	410.171875	986.21484375	7.75	0.519999980926514	1320153200.46037	7311	44	25	0	410.16796875	986.21484375	7.71999979019165	0.519999980926514	13657406	2220142	323	3546	
marvin	LRecPHOS_69	4	1	69	1320153077.79719	1320153202.54058	7311	44	20	0	410.1875	986.21484375	7.76999998092651	0.519999980926514	1320153201.68995	7311	44	0	0	410.171875	986.21484375	7.75	0.519999980926514	13710782	2251344	327	3591	
marvin	LRecPHOS_70	4	1	70	1320153077.79719	1320153203.69241	7312	44	5.55555534362793	0	410.1953125	986.21484375	7.78999996185303	0.519999980926514	1320153202.54058	7311	44	20	0	410.1875	986.21484375	7.76999998092651	0.519999980926514	13784275	2286394	331	3639	
marvin	LRecPHOS_71	4	1	71	1320153077.79719	1320153204.69183	7346	44	14.2857141494751	0	410.1953125	986.21484375	7.80999994277954	0.519999980926514	1320153203.69241	7312	44	5.55555534362793	0	410.1953125	986.21484375	7.78999996185303	0.519999980926514	13873543	2321755	335	3688	
marvin	LRecPHOS_72	4	1	72	1320153077.79719	1320153205.75909	7357	44	42.8571434020996	0	410.20703125	986.21484375	7.84000015258789	0.519999980926514	1320153204.69183	7346	44	14.2857141494751	0	410.1953125	986.21484375	7.80999994277954	0.519999980926514	13942233	2357420	339	3735	
marvin	LRecPHOS_73	4	1	73	1320153077.79719	1320153206.9369	7375	44	0	0	410.2109375	986.21484375	7.86999988555908	0.529999971389771	1320153205.75909	7357	44	42.8571434020996	0	410.20703125	986.21484375	7.84000015258789	0.519999980926514	14027424	2393378	343	3783	
marvin	LRecPHOS_74	4	1	74	1320153077.79719	1320153208.24714	7378	44	28.5714282989502	0	410.21484375	986.21484375	7.8899998664856	0.529999971389771	1320153206.9369	7375	44	0	0	410.2109375	986.21484375	7.86999988555908	0.529999971389771	14112715	2425892	347	3830	
marvin	LRecPHOS_75	4	1	75	1320153077.79719	1320153209.79845	7355	44	0	0	410.22265625	986.21484375	8.01000022888184	0.540000021457672	1320153208.24714	7378	44	28.5714282989502	0	410.21484375	986.21484375	7.8899998664856	0.529999971389771	14203985	2471027	351	3878	
marvin	LRecPHOS_76	4	1	76	1320153077.79719	1320153211.09707	7348	44	0	0	410.22265625	986.21484375	8.02000045776367	0.550000011920929	1320153209.79845	7355	44	0	0	410.22265625	986.21484375	8.01000022888184	0.540000021457672	14258833	2503832	355	3923	
marvin	LRecPHOS_77	4	1	77	1320153077.79719	1320153212.58644	7349	44	25	0	410.22265625	986.21484375	8.07999992370605	0.550000011920929	1320153211.09707	7348	44	0	0	410.22265625	986.21484375	8.02000045776367	0.550000011920929	14338204	2544253	359	3971	
marvin	LRecPHOS_78	4	1	78	1320153077.79719	1320153213.16479	7349	44	25	0	410.22265625	986.21484375	8.13000011444092	0.550000011920929	1320153212.58644	7349	44	25	0	410.22265625	986.21484375	8.07999992370605	0.550000011920929	14476505	2581451	363	4022	
marvin	LRecPHOS_79	4	1	79	1320153077.79719	1320153214.23612	7351	44	50	0	410.22265625	986.21484375	8.17000007629395	0.550000011920929	1320153213.16479	7349	44	25	0	410.22265625	986.21484375	8.13000011444092	0.550000011920929	14567190	2617832	367	4070	
marvin	LRecPHOS_80	4	1	80	1320153077.79719	1320153215.23096	7352	44	17.6470584869385	5.88235282897949	410.23046875	986.21484375	8.1899995803833	0.560000002384186	1320153214.23612	7351	44	50	0	410.22265625	986.21484375	8.17000007629395	0.550000011920929	14645086	2654796	371	4117	
marvin	LRecPHOS_81	4	1	81	1320153077.79719	1320153216.37398	7353	44	0	0	410.2421875	986.21484375	8.22000026702881	0.560000002384186	1320153215.23096	7352	44	17.6470584869385	5.88235282897949	410.23046875	986.21484375	8.1899995803833	0.560000002384186	14706629	2695018	375	4163	
marvin	LRecPHOS_82	4	1	82	1320153077.79719	1320153217.4642	7354	44	20	20	410.25	986.21484375	8.23999977111816	0.569999992847443	1320153216.37398	7353	44	0	0	410.2421875	986.21484375	8.22000026702881	0.560000002384186	14816575	2732001	379	4212	
marvin	LRecPHOS_83	4	1	83	1320153077.79719	1320153218.4062	7355	44	0	0	410.2578125	986.21484375	8.25	0.569999992847443	1320153217.4642	7354	44	20	20	410.25	986.21484375	8.23999977111816	0.569999992847443	14872877	2765332	383	4257	
marvin	LRecPHOS_84	4	1	84	1320153077.79719	1320153219.72341	7356	44	25	25	410.265625	986.21484375	8.28999996185303	0.569999992847443	1320153218.4062	7355	44	0	0	410.2578125	986.21484375	8.25	0.569999992847443	14934921	2802900	387	4304	
marvin	LRecPHOS_85	4	1	85	1320153077.79719	1320153220.81326	7358	44	0	0	410.26953125	986.21484375	8.3100004196167	0.579999983310699	1320153219.72341	7356	44	25	25	410.265625	986.21484375	8.28999996185303	0.569999992847443	15007279	2839630	391	4351	
marvin	LRecPHOS_86	4	1	86	1320153077.79719	1320153221.94565	7359	44	14.2857141494751	0	410.28125	986.21484375	8.34000015258789	0.579999983310699	1320153220.81326	7358	44	0	0	410.26953125	986.21484375	8.3100004196167	0.579999983310699	15118226	2877794	395	4400	
marvin	LRecPHOS_87	4	1	87	1320153077.79719	1320153223.09719	7360	44	0	0	410.2890625	986.21484375	8.38000011444092	0.579999983310699	1320153221.94565	7359	44	14.2857141494751	0	410.28125	986.21484375	8.34000015258789	0.579999983310699	15180046	2918563	399	4446	
marvin	LRecPHOS_88	4	1	88	1320153077.79719	1320153224.36296	7362	44	0	0	410.29296875	986.21484375	8.39999961853027	0.579999983310699	1320153223.09719	7360	44	0	0	410.2890625	986.21484375	8.38000011444092	0.579999983310699	15552404	2953209	403	4511	
marvin	LRecPHOS_89	4	1	89	1320153077.79719	1320153225.3478	7363	44	0	0	410.296875	986.21484375	8.48999977111816	0.589999973773956	1320153224.36296	7362	44	0	0	410.29296875	986.21484375	8.39999961853027	0.579999983310699	15637108	2996877	407	4559	
marvin	LRecPHOS_90	4	1	90	1320153077.79719	1320153226.52296	7364	44	3.03030300140381	0	410.3046875	986.21484375	8.51000022888184	0.589999973773956	1320153225.3478	7363	44	0	0	410.296875	986.21484375	8.48999977111816	0.589999973773956	15745819	3035756	411	4608	
marvin	LRecPHOS_91	4	1	91	1320153077.79719	1320153227.62354	7365	44	40	0	410.30859375	986.21484375	8.53999996185303	0.600000023841858	1320153226.52296	7364	44	3.03030300140381	0	410.3046875	986.21484375	8.51000022888184	0.589999973773956	15808372	3073838	415	4654	
marvin	LRecPHOS_92	4	1	92	1320153077.79719	1320153228.63307	7371	44	20	0	410.30859375	986.21484375	8.56999969482422	0.600000023841858	1320153227.62354	7365	44	40	0	410.30859375	986.21484375	8.53999996185303	0.600000023841858	15880297	3112695	419	4701	
marvin	LRecPHOS_93	4	1	93	1320153077.79719	1320153229.64038	7373	44	14.2857141494751	0	410.3125	986.21484375	8.60000038146973	0.600000023841858	1320153228.63307	7371	44	20	0	410.30859375	986.21484375	8.56999969482422	0.600000023841858	15992741	3151132	423	4750	
marvin	LRecPHOS_94	4	1	94	1320153077.79719	1320153230.72906	7378	44	11.1111106872559	0	410.3125	986.21484375	8.63000011444092	0.600000023841858	1320153229.64038	7373	44	14.2857141494751	0	410.3125	986.21484375	8.60000038146973	0.600000023841858	16055853	3190189	427	4796	
marvin	LRecPHOS_95	4	1	95	1320153077.79719	1320153231.39914	7382	44	0	0	410.31640625	986.21484375	8.64999961853027	0.610000014305115	1320153230.72906	7378	44	11.1111106872559	0	410.3125	986.21484375	8.63000011444092	0.600000023841858	16127956	3229000	431	4843	
marvin	LRecPHOS_96	4	1	96	1320153077.79719	1320153232.7357	7385	44	40	0	410.31640625	986.21484375	8.67000007629395	0.620000004768372	1320153231.39914	7382	44	0	0	410.31640625	986.21484375	8.64999961853027	0.610000014305115	16272388	3268305	435	4892	
marvin	LRecPHOS_97	4	1	97	1320153077.79719	1320153233.67702	7391	44	0	0	410.3203125	986.21484375	8.9399995803833	0.620000004768372	1320153232.7357	7385	44	40	0	410.31640625	986.21484375	8.67000007629395	0.620000004768372	16351194	3327388	439	4938	
marvin	LRecPHOS_98	4	1	98	1320153077.79719	1320153234.51893	7393	44	8	0	410.33984375	986.21484375	8.97999954223633	0.620000004768372	1320153233.67702	7391	44	0	0	410.3203125	986.21484375	8.9399995803833	0.620000004768372	16492468	3367442	443	4989	
marvin	LRecPHOS_99	4	1	99	1320153077.79719	1320153235.34902	7394	44	16.6666660308838	0	410.36328125	986.21484375	9.01000022888184	0.620000004768372	1320153234.51893	7393	44	8	0	410.33984375	986.21484375	8.97999954223633	0.620000004768372	16587314	3406942	447	5037	
marvin	LRecPHOS_100	4	1	100	1320153077.79719	1320153235.97556	7394	44	0	0	410.3671875	986.21484375	9.05000019073486	0.620000004768372	1320153235.34902	7394	44	16.6666660308838	0	410.36328125	986.21484375	9.01000022888184	0.620000004768372	16668504	3447224	451	5084	
marvin	LRecPHOS_101	4	1	101	1320153077.79719	1320153236.73903	7396	44	25	0	410.37890625	986.21484375	9.06999969482422	0.629999995231628	1320153235.97556	7394	44	0	0	410.3671875	986.21484375	9.05000019073486	0.620000004768372	16749086	3487181	455	5131	
marvin	LRecPHOS_102	4	1	102	1320153077.79719	1320153237.56274	7397	44	25	0	410.3828125	986.21484375	9.09000015258789	0.629999995231628	1320153236.73903	7396	44	25	0	410.37890625	986.21484375	9.06999969482422	0.629999995231628	16859349	3527025	459	5180	
marvin	LRecPHOS_103	4	1	103	1320153077.79719	1320153238.23992	7397	44	50	0	410.38671875	986.21484375	9.10999965667725	0.629999995231628	1320153237.56274	7397	44	25	0	410.3828125	986.21484375	9.09000015258789	0.629999995231628	16924478	3566823	463	5226	
marvin	LRecPHOS_104	4	1	104	1320153077.79719	1320153239.48774	7399	44	25	0	410.390625	986.21484375	9.13000011444092	0.639999985694885	1320153238.23992	7397	44	50	0	410.38671875	986.21484375	9.10999965667725	0.629999995231628	17004972	3607409	467	5273	
marvin	LRecPHOS_105	4	1	105	1320153077.79719	1320153240.04732	7399	44	25	0	410.39453125	986.21484375	9.14000034332275	0.649999976158142	1320153239.48774	7399	44	25	0	410.390625	986.21484375	9.13000011444092	0.639999985694885	17101115	3647717	471	5321	
marvin	LRecPHOS_106	4	1	106	1320153077.79719	1320153240.76867	7400	44	37.5	12.5	410.41015625	986.21484375	9.18000030517578	0.649999976158142	1320153240.04732	7399	44	25	0	410.39453125	986.21484375	9.14000034332275	0.649999976158142	17192642	3689197	475	5369	
marvin	LRecPHOS_107	4	1	107	1320153077.79719	1320153241.36964	7286	44	16.6666660308838	16.6666660308838	410.41796875	986.21484375	9.22000026702881	0.649999976158142	1320153240.76867	7400	44	37.5	12.5	410.41015625	986.21484375	9.18000030517578	0.649999976158142	17352696	3731210	479	5421	
marvin	LRecPHOS_108	4	1	108	1320153077.79719	1320153242.06914	7043	44	0	0	410.4296875	986.21484375	9.25	0.649999976158142	1320153241.36964	7286	44	16.6666660308838	16.6666660308838	410.41796875	986.21484375	9.22000026702881	0.649999976158142	17458808	3775134	483	5470	
marvin	LRecPHOS_109	4	1	109	1320153077.79719	1320153242.72483	7043	44	2.12765955924988	0	410.43359375	986.21484375	9.26000022888184	0.660000026226044	1320153242.06914	7043	44	0	0	410.4296875	986.21484375	9.25	0.649999976158142	17541780	3815805	487	5517	
marvin	LRecPHOS_110	4	1	110	1320153077.79719	1320153243.41219	7044	44	16.6666660308838	0	410.44140625	986.21484375	9.27999973297119	0.660000026226044	1320153242.72483	7043	44	2.12765955924988	0	410.43359375	986.21484375	9.26000022888184	0.660000026226044	17608882	3857819	491	5563	
marvin	LRecPHOS_111	4	1	111	1320153077.79719	1320153244.0904	7044	44	25	0	410.4453125	986.21484375	9.31999969482422	0.660000026226044	1320153243.41219	7044	44	16.6666660308838	0	410.44140625	986.21484375	9.27999973297119	0.660000026226044	17716279	3899110	495	5612	
marvin	LRecPHOS_112	4	1	112	1320153077.79719	1320153244.45502	7044	44	0	0	410.45703125	986.21484375	9.35000038146973	0.660000026226044	1320153244.0904	7044	44	25	0	410.4453125	986.21484375	9.31999969482422	0.660000026226044	17794596	3941108	499	5659	
marvin	LRecPHOS_113	4	1	113	1320153077.79719	1320153245.16754	7044	44	0	0	410.47265625	986.21484375	9.38000011444092	0.670000016689301	1320153244.45502	7044	44	0	0	410.45703125	986.21484375	9.35000038146973	0.660000026226044	17891977	3983651	503	5707	
marvin	LRecPHOS_114	4	1	114	1320153077.79719	1320153245.91216	7045	44	0	0	410.484375	986.21484375	9.39999961853027	0.670000016689301	1320153245.16754	7044	44	0	0	410.47265625	986.21484375	9.38000011444092	0.670000016689301	17989864	4025572	507	5755	
marvin	LRecPHOS_115	4	1	115	1320153077.79719	1320153246.57752	7045	44	0	0	410.49609375	986.21484375	9.42000007629395	0.670000016689301	1320153245.91216	7045	44	0	0	410.484375	986.21484375	9.39999961853027	0.670000016689301	18053023	4063892	511	5800	
marvin	LRecPHOS_116	4	1	116	1320153077.79719	1320153247.40031	7045	44	25	0	410.49609375	986.21484375	9.4399995803833	0.670000016689301	1320153246.57752	7045	44	0	0	410.49609375	986.21484375	9.42000007629395	0.670000016689301	18117308	4106027	515	5846	
marvin	LRecPHOS_117	4	1	117	1320153077.79719	1320153248.19994	7045	44	14.2857141494751	0	410.50390625	986.21484375	9.47000026702881	0.670000016689301	1320153247.40031	7045	44	25	0	410.49609375	986.21484375	9.4399995803833	0.670000016689301	18205021	4148819	519	5895	
marvin	LRecPHOS_118	4	1	118	1320153077.79719	1320153248.79868	7045	44	25	0	410.5078125	986.21484375	9.5	0.670000016689301	1320153248.19994	7045	44	14.2857141494751	0	410.50390625	986.21484375	9.47000026702881	0.670000016689301	18343702	4192132	523	5946	
marvin	LRecPHOS_119	4	1	119	1320153077.79719	1320153249.4444	7046	44	0	11.1111106872559	410.5078125	986.21484375	9.52999973297119	0.680000007152557	1320153248.79868	7045	44	25	0	410.5078125	986.21484375	9.5	0.670000016689301	18453059	4235287	527	5995	
marvin	LRecPHOS_120	4	1	120	1320153077.79719	1320153250.09244	7047	44	0	0	410.5078125	986.21484375	9.55000019073486	0.689999997615814	1320153249.4444	7046	44	0	11.1111106872559	410.5078125	986.21484375	9.52999973297119	0.680000007152557	18537209	4282295	531	6042	
marvin	LRecPHOS_121	4	1	121	1320153077.79719	1320153250.52763	7048	44	12.5	0	410.5078125	986.21484375	9.56999969482422	0.689999997615814	1320153250.09244	7047	44	0	0	410.5078125	986.21484375	9.55000019073486	0.689999997615814	18606166	4324839	535	6088	
marvin	LRecPHOS_122	4	1	122	1320153077.79719	1320153251.14502	7049	44	28.5714282989502	0	410.5078125	986.21484375	9.60000038146973	0.689999997615814	1320153250.52763	7048	44	12.5	0	410.5078125	986.21484375	9.56999969482422	0.689999997615814	18723313	4370248	539	6137	
marvin	LRecPHOS_123	4	1	123	1320153077.79719	1320153251.49726	7049	44	20	0	410.5078125	986.21484375	9.63000011444092	0.689999997615814	1320153251.14502	7049	44	28.5714282989502	0	410.5078125	986.21484375	9.60000038146973	0.689999997615814	18792682	4413083	543	6183	
marvin	LRecPHOS_124	4	1	124	1320153077.79719	1320153251.79652	7049	44	40	0	410.51171875	986.21484375	9.65999984741211	0.689999997615814	1320153251.49726	7049	44	20	0	410.5078125	986.21484375	9.63000011444092	0.689999997615814	18871714	4456984	547	6230	
marvin	LRecPHOS_125	4	1	125	1320153077.79719	1320153252.11863	7050	44	25	0	410.51171875	986.21484375	9.68000030517578	0.689999997615814	1320153251.79652	7049	44	40	0	410.51171875	986.21484375	9.65999984741211	0.689999997615814	18967522	4496776	551	6277	
marvin	LRecPHOS_126	4	1	126	1320153077.79719	1320153252.53175	7052	44	33.3333320617676	0	410.51171875	986.21484375	9.71000003814697	0.689999997615814	1320153252.11863	7050	44	25	0	410.51171875	986.21484375	9.68000030517578	0.689999997615814	19048908	4541151	555	6325	
marvin	LRecPHOS_127	4	1	127	1320153077.79719	1320153252.88543	7052	44	20	0	410.51171875	986.21484375	9.73999977111816	0.689999997615814	1320153252.53175	7052	44	33.3333320617676	0	410.51171875	986.21484375	9.71000003814697	0.689999997615814	19129003	4584494	559	6372	
marvin	LRecPHOS_128	4	1	128	1320153077.79719	1320153253.30666	7054	44	20	0	410.515625	986.21484375	9.77000045776367	0.689999997615814	1320153252.88543	7052	44	20	0	410.51171875	986.21484375	9.73999977111816	0.689999997615814	19446358	4629038	563	6439	
marvin	LRecPHOS_129	4	1	129	1320153077.79719	1320153253.64066	7054	44	33.3333320617676	0	410.51953125	986.21484375	9.80000019073486	0.689999997615814	1320153253.30666	7054	44	20	0	410.515625	986.21484375	9.77000045776367	0.689999997615814	19556292	4673165	567	6488	
marvin	LRecPHOS_130	4	1	130	1320153077.79719	1320153253.94088	7054	44	33.3333320617676	0	410.52734375	986.21484375	9.81999969482422	0.699999988079071	1320153253.64066	7054	44	33.3333320617676	0	410.51953125	986.21484375	9.80000019073486	0.689999997615814	19642264	4717275	571	6535	
marvin	LRecPHOS_131	4	1	131	1320153077.79719	1320153254.29649	7054	44	42.8571434020996	0	410.52734375	986.21484375	9.84000015258789	0.699999988079071	1320153253.94088	7054	44	33.3333320617676	0	410.52734375	986.21484375	9.81999969482422	0.699999988079071	19713103	4761269	575	6581	
marvin	LRecPHOS_132	4	1	132	1320153077.79719	1320153254.71867	7055	44	20	0	410.53125	986.21484375	9.85999965667725	0.699999988079071	1320153254.29649	7054	44	42.8571434020996	0	410.52734375	986.21484375	9.84000015258789	0.699999988079071	19810418	4802643	579	6628	
marvin	LRecPHOS_133	4	1	133	1320153077.79719	1320153255.16387	6696	44	0	0	410.53515625	986.21484375	9.88000011444092	0.709999978542328	1320153254.71867	7055	44	20	0	410.53125	986.21484375	9.85999965667725	0.699999988079071	19899673	4857649	583	6676	
marvin	LRecPHOS_134	4	1	134	1320153077.79719	1320153255.6189	6696	44	0	0	410.5390625	986.21484375	9.89999961853027	0.709999978542328	1320153255.16387	6696	44	0	0	410.53515625	986.21484375	9.88000011444092	0.709999978542328	19966765	4899342	587	6721	
marvin	LRecPHOS_135	4	1	135	1320153077.79719	1320153256.16474	6696	44	20	0	410.5546875	986.21484375	9.93000030517578	0.709999978542328	1320153255.6189	6696	44	0	0	410.5390625	986.21484375	9.89999961853027	0.709999978542328	20039926	4947019	591	6768	
marvin	LRecPHOS_136	4	1	136	1320153077.79719	1320153256.48928	6696	44	0	0	410.5625	986.21484375	9.96000003814697	0.709999978542328	1320153256.16474	6696	44	20	0	410.5546875	986.21484375	9.93000030517578	0.709999978542328	20131691	4992775	595	6815	
marvin	LRecPHOS_137	4	1	137	1320153077.79719	1320153256.76764	6696	44	4	0	410.5625	986.21484375	9.97999954223633	0.709999978542328	1320153256.48928	6696	44	0	0	410.5625	986.21484375	9.96000003814697	0.709999978542328	20229991	5034351	599	6862	
marvin	LRecPHOS_138	4	1	138	1320153077.79719	1320153257.06746	6696	44	16.6666660308838	0	410.5625	986.21484375	10.0200004577637	0.709999978542328	1320153256.76764	6696	44	4	0	410.5625	986.21484375	9.97999954223633	0.709999978542328	20304623	5081571	603	6909	
marvin	LRecPHOS_139	4	1	139	1320153077.79719	1320153257.35617	6696	44	0	0	410.56640625	986.21484375	10.0600004196167	0.709999978542328	1320153257.06746	6696	44	16.6666660308838	0	410.5625	986.21484375	10.0200004577637	0.709999978542328	20386248	5126945	607	6956	
marvin	LRecPHOS_140	4	1	140	1320153077.79719	1320153257.68942	6696	44	0	0	410.578125	986.21484375	10.0900001525879	0.709999978542328	1320153257.35617	6696	44	0	0	410.56640625	986.21484375	10.0600004196167	0.709999978542328	20529824	5173049	611	7007	
marvin	LRecPHOS_141	4	1	141	1320153077.79719	1320153258.00036	6697	44	0	0	410.5859375	986.21484375	10.1099996566772	0.709999978542328	1320153257.68942	6696	44	0	0	410.578125	986.21484375	10.0900001525879	0.709999978542328	20630630	5215209	615	7054	
marvin	LRecPHOS_142	4	1	142	1320153077.79719	1320153258.37767	6697	44	0	0	410.59765625	986.21484375	10.1599998474121	0.709999978542328	1320153258.00036	6697	44	0	0	410.5859375	986.21484375	10.1099996566772	0.709999978542328	20717161	5263230	619	7102	
marvin	LRecPHOS_143	4	1	143	1320153077.79719	1320153258.68897	6697	44	0	0	410.6015625	986.21484375	10.1899995803833	0.709999978542328	1320153258.37767	6697	44	0	0	410.59765625	986.21484375	10.1599998474121	0.709999978542328	20801962	5309986	623	7150	
marvin	LRecPHOS_144	4	1	144	1320153077.79719	1320153258.97769	6697	44	0	0	410.609375	986.21484375	10.1999998092651	0.720000028610229	1320153258.68897	6697	44	0	0	410.6015625	986.21484375	10.1899995803833	0.709999978542328	20904547	5356303	627	7198	
marvin	LRecPHOS_145	4	1	145	1320153077.79719	1320153259.36633	6698	44	0	0	410.609375	986.21484375	10.2200002670288	0.720000028610229	1320153258.97769	6697	44	0	0	410.609375	986.21484375	10.1999998092651	0.720000028610229	21009000	5405659	631	7246	
marvin	LRecPHOS_146	4	1	146	1320153077.79719	1320153259.65543	6698	44	0	0	410.62109375	986.21484375	10.2399997711182	0.730000019073486	1320153259.36633	6698	44	0	0	410.609375	986.21484375	10.2200002670288	0.720000028610229	21093026	5453003	635	7293	
marvin	LRecPHOS_147	4	1	147	1320153077.79719	1320153259.95526	6698	44	0	0	410.625	986.21484375	10.2700004577637	0.730000019073486	1320153259.65543	6698	44	0	0	410.62109375	986.21484375	10.2399997711182	0.730000019073486	21178618	5500804	639	7340	
marvin	LRecPHOS_148	4	1	148	1320153077.79719	1320153260.26583	6698	44	0	0	410.625	986.21484375	10.3199996948242	0.730000019073486	1320153259.95526	6698	44	0	0	410.625	986.21484375	10.2700004577637	0.730000019073486	21293158	5548363	643	7389	
marvin	LRecPHOS_149	4	1	149	1320153077.79719	1320153260.55439	6698	44	0	20	410.625	986.21484375	10.3400001525879	0.740000009536743	1320153260.26583	6698	44	0	0	410.625	986.21484375	10.3199996948242	0.730000019073486	21377529	5595119	647	7436	
marvin	LRecPHOS_150	4	1	150	1320153077.79719	1320153260.86495	6698	44	0	0	410.62890625	986.21484375	10.3800001144409	0.740000009536743	1320153260.55439	6698	44	0	20	410.625	986.21484375	10.3400001525879	0.740000009536743	21504570	5642701	651	7489	
marvin	LRecPHOS_151	4	1	151	1320153077.79719	1320153261.20953	6698	44	0	0	410.62890625	986.21484375	10.3999996185303	0.740000009536743	1320153260.86495	6698	44	0	0	410.62890625	986.21484375	10.3800001144409	0.740000009536743	21610532	5690107	655	7537	
marvin	LRecPHOS_152	4	1	152	1320153077.79719	1320153261.56498	6699	44	0	0	410.6328125	986.21484375	10.4399995803833	0.740000009536743	1320153261.20953	6698	44	0	0	410.62890625	986.21484375	10.3999996185303	0.740000009536743	21791661	5738355	659	7584	
marvin	LRecPHOS_153	4	1	153	1320153077.79719	1320153262.49578	6699	44	0	0	410.63671875	986.21484375	11.0799999237061	0.75	1320153261.56498	6699	44	0	0	410.6328125	986.21484375	10.4399995803833	0.740000009536743	21904408	5834971	663	7630	
marvin	MergeQA	-1	-1	-1	1320153077.79719	1320153262.84917	6701	44	0	0	412.76953125	987.49609375	11.1700000762939	0.75	1320153262.49578	6699	44	0	0	410.63671875	986.21484375	11.0799999237061	0.75	21904408	6212820	664	7630	
